<?xml version="1.0" encoding="UTF-8"?>
<!-- Generated by org.testng.reporters.JUnitReportReporter -->
<testsuite skipped="0" hostname="ip-192-168-1-4.ap-south-1.compute.internal" name="testCases.TC1VerifyStdDeliveryFPOrderPlacing" tests="1" failures="0" timestamp="30 Sep 2020 20:56:32 GMT" time="14.344" errors="0">
  <testcase name="testCase" time="14.344" classname="testCases.TC1VerifyStdDeliveryFPOrderPlacing"/>
</testsuite> <!-- testCases.TC1VerifyStdDeliveryFPOrderPlacing -->
