<?xml version="1.0" encoding="UTF-8"?>
<!-- Generated by org.testng.reporters.JUnitReportReporter -->
<testsuite skipped="0" hostname="ip-192-168-43-155.ap-south-1.compute.internal" name="testCases.CartApiAutomation" tests="1" failures="0" timestamp="03 Oct 2020 11:24:35 GMT" time="2.908" errors="0">
  <testcase name="getCart" time="2.908" classname="testCases.CartApiAutomation"/>
</testsuite> <!-- testCases.CartApiAutomation -->
