<?xml version="1.0" encoding="UTF-8"?>
<!-- Generated by org.testng.reporters.JUnitReportReporter -->
<testsuite skipped="0" hostname="ip-192-168-1-4.ap-south-1.compute.internal" name="baseTest.BaseTest" tests="1" failures="0" timestamp="08 Oct 2020 10:19:44 GMT" time="0.016" errors="0">
  <testcase name="beforeClass" time="0.016" classname="baseTest.BaseTest"/>
</testsuite> <!-- baseTest.BaseTest -->
