<?xml version="1.0" encoding="UTF-8"?>
<!-- Generated by org.testng.reporters.JUnitReportReporter -->
<testsuite skipped="0" hostname="ip-192-168-1-4.ap-south-1.compute.internal" name="testCases.ClearCart" tests="1" failures="0" timestamp="09 Oct 2020 09:50:05 GMT" time="3.485" errors="0">
  <testcase name="getCart" time="3.485" classname="testCases.ClearCart"/>
</testsuite> <!-- testCases.ClearCart -->
