<?xml version="1.0" encoding="UTF-8"?>
<!-- Generated by org.testng.reporters.JUnitReportReporter -->
<testsuite skipped="0" hostname="ip-192-168-1-4.ap-south-1.compute.internal" name="testCases.ClearCartAPI" tests="1" failures="0" timestamp="09 Oct 2020 09:57:06 GMT" time="0.205" errors="0">
  <testcase name="clearCart" time="0.205" classname="testCases.ClearCartAPI"/>
</testsuite> <!-- testCases.ClearCartAPI -->
