<?xml version="1.0" encoding="UTF-8"?>
<!-- Generated by org.testng.reporters.JUnitReportReporter -->
<testsuite skipped="0" hostname="ip-192-168-1-4.ap-south-1.compute.internal" name="testCases.CartApiAutomation" tests="1" failures="0" timestamp="09 Oct 2020 09:52:28 GMT" time="1.428" errors="0">
  <testcase name="getCart" time="1.428" classname="testCases.CartApiAutomation"/>
</testsuite> <!-- testCases.CartApiAutomation -->
